<?xml version="1.0" encoding="UTF-8"?>
<!-- Generated by org.testng.reporters.JUnitReportReporter -->
<testsuite skipped="4" hostname="apples-MacBook-Air.local" name="TestCases.ExplicitWait" tests="5" failures="0" timestamp="2022-02-18T08:17:32 IST" time="15.697" errors="0">
  <testcase name="method5" time="15.697" classname="TestCases.ExplicitWait"/>
  <system-out/>
  <testcase name="method3" classname="TestCases.ExplicitWait">
    <skipped/>
  </testcase> <!-- method3 -->
  <system-out/>
  <testcase name="method4" classname="TestCases.ExplicitWait">
    <skipped/>
  </testcase> <!-- method4 -->
  <system-out/>
  <testcase name="method1" classname="TestCases.ExplicitWait">
    <skipped/>
  </testcase> <!-- method1 -->
  <system-out/>
  <testcase name="method2" classname="TestCases.ExplicitWait">
    <skipped/>
  </testcase> <!-- method2 -->
  <system-out/>
</testsuite> <!-- TestCases.ExplicitWait -->
