<?xml version="1.0" encoding="UTF-8"?>
<!-- Generated by org.testng.reporters.JUnitReportReporter -->
<testsuite skipped="3" hostname="apples-MacBook-Air.local" name="TestCases.DashboardPageTest" tests="4" failures="0" timestamp="2022-02-16T08:16:31 IST" time="18.536" errors="0">
  <testcase name="validateEmailIDTest" time="18.536" classname="TestCases.DashboardPageTest"/>
  <system-out/>
  <testcase name="validateNicknameTest" classname="TestCases.DashboardPageTest">
    <skipped/>
  </testcase> <!-- validateNicknameTest -->
  <system-out/>
  <testcase name="buyShareTest" classname="TestCases.DashboardPageTest">
    <skipped/>
  </testcase> <!-- buyShareTest -->
  <system-out/>
  <testcase name="validateProfileNameTest" classname="TestCases.DashboardPageTest">
    <skipped/>
  </testcase> <!-- validateProfileNameTest -->
  <system-out/>
</testsuite> <!-- TestCases.DashboardPageTest -->
